<?xml version="1.0" encoding="UTF-8"?>
<!-- Generated by org.testng.reporters.JUnitReportReporter -->
<testsuite hostname="DESKTOP-LPJ0J81" failures="0" tests="2" name="qaclickacademy.Homepage" time="26.397" errors="0" timestamp="2021-11-27T12:13:22 IST" skipped="0">
  <testcase classname="qaclickacademy.Homepage" name="homePage" time="18.152"/>
  <system-out/>
  <testcase classname="qaclickacademy.Homepage" name="homePage" time="8.245"/>
  <system-out/>
</testsuite> <!-- qaclickacademy.Homepage -->
