<?xml version="1.0" encoding="UTF-8"?>
<!-- Generated by org.testng.reporters.JUnitReportReporter -->
<testsuite hostname="DESKTOP-LPJ0J81" failures="0" tests="1" name="qaclickacademy.Navigationbar" time="4.606" errors="0" timestamp="2021-11-29T12:30:46 IST" skipped="0">
  <testcase classname="qaclickacademy.Navigationbar" name="navigateBar" time="4.606"/>
  <system-out/>
</testsuite> <!-- qaclickacademy.Navigationbar -->
