<?xml version="1.0" encoding="UTF-8"?>
<!-- Generated by org.testng.reporters.JUnitReportReporter -->
<testsuite skipped="0" hostname="DESKTOP-LPJ0J81" name="qaclickacademy.Navigationbar" tests="1" failures="0" timestamp="2021-11-24T16:46:54 IST" time="2.139" errors="0">
  <testcase name="navigateBar" time="2.139" classname="qaclickacademy.Navigationbar"/>
  <system-out/>
</testsuite> <!-- qaclickacademy.Navigationbar -->
