<?xml version="1.0" encoding="UTF-8"?>
<!-- Generated by org.testng.reporters.JUnitReportReporter -->
<testsuite skipped="0" hostname="DESKTOP-LPJ0J81" name="qaclickacademy.ValidateTitle" tests="1" failures="0" timestamp="2021-11-24T16:46:54 IST" time="53.758" errors="0">
  <testcase name="Validatetitle" time="53.758" classname="qaclickacademy.ValidateTitle"/>
  <system-out/>
</testsuite> <!-- qaclickacademy.ValidateTitle -->
